2025/05/04 19:57:54 Application starts
2025/05/04 19:57:54 Game loaded successfully
2025/05/04 19:57:54 Beeper initialized successfully
2025/05/04 19:57:54 Game initialized
2025/05/04 19:57:54 Opcode executing:  252
2025/05/04 19:57:54 Opcode executing:  252
2025/05/04 19:57:54 Opcode executing:  252
2025/05/04 19:57:54 Opcode executing:  252
2025/05/04 19:57:54 Opcode executing:  252
2025/05/04 19:57:54 Opcode executing:  252
2025/05/04 19:57:55 Opcode executing:  252
2025/05/04 19:57:55 Opcode executing:  252
2025/05/04 19:57:55 Opcode executing:  252
2025/05/04 19:57:55 Opcode executing:  252
2025/05/04 19:57:55 Opcode executing:  252
2025/05/04 19:57:55 Opcode executing:  252
2025/05/04 19:57:55 Opcode executing:  252
2025/05/04 19:57:55 Opcode executing:  252
2025/05/04 19:57:55 Opcode executing:  252
2025/05/04 19:57:55 Opcode executing:  252
2025/05/04 19:57:55 Opcode executing:  252
2025/05/04 19:57:55 Opcode executing:  252
2025/05/04 19:57:55 Opcode executing:  252
2025/05/04 19:57:55 Opcode executing:  252
2025/05/04 19:57:55 Opcode executing:  252
2025/05/04 19:57:55 Opcode executing:  252
2025/05/04 19:57:55 Opcode executing:  252
2025/05/04 19:57:55 Opcode executing:  252
2025/05/04 19:57:55 Opcode executing:  252
2025/05/04 19:57:55 Opcode executing:  252
2025/05/04 19:57:55 Opcode executing:  252
2025/05/04 19:57:55 Opcode executing:  252
2025/05/04 19:57:55 Opcode executing:  252
2025/05/04 19:57:55 Opcode executing:  252
2025/05/04 19:57:55 Opcode executing:  252
2025/05/04 19:57:55 Opcode executing:  252
2025/05/04 19:57:55 Opcode executing:  252
2025/05/04 19:57:55 Opcode executing:  252
2025/05/04 19:57:55 Opcode executing:  252
2025/05/04 19:57:55 Opcode executing:  252
2025/05/04 19:57:55 Opcode executing:  252
2025/05/04 19:57:55 Opcode executing:  252
2025/05/04 19:57:55 Opcode executing:  252
2025/05/04 19:57:55 Opcode executing:  252
2025/05/04 19:57:55 Opcode executing:  252
2025/05/04 19:57:55 Opcode executing:  252
2025/05/04 19:57:55 Opcode executing:  252
2025/05/04 19:57:55 Opcode executing:  252
2025/05/04 19:57:55 Opcode executing:  252
2025/05/04 19:57:55 Opcode executing:  252
2025/05/04 19:57:55 Opcode executing:  252
2025/05/04 19:57:55 Opcode executing:  252
2025/05/04 19:57:55 Opcode executing:  252
2025/05/04 19:57:55 Opcode executing:  252
2025/05/04 19:57:55 Opcode executing:  252
2025/05/04 19:57:55 Opcode executing:  252
2025/05/04 19:57:55 Opcode executing:  252
2025/05/04 19:57:55 Opcode executing:  252
2025/05/04 19:57:55 Opcode executing:  252
2025/05/04 19:57:55 Opcode executing:  252
2025/05/04 19:57:55 Opcode executing:  252
2025/05/04 19:57:55 Opcode executing:  252
2025/05/04 19:57:55 Opcode executing:  252
2025/05/04 19:57:55 Opcode executing:  252
2025/05/04 19:57:55 Opcode executing:  252
2025/05/04 19:57:55 Opcode executing:  252
2025/05/04 19:57:55 Opcode executing:  252
2025/05/04 19:57:56 Opcode executing:  252
